<?xml version="1.0" encoding="UTF-8" ?>
<testsuites>
  <testsuite errors="0" failures="0" hostname="larry-PC" id="0" name="SimpleTest" package="edu.unm.cs583" skipped="0" tests="1" time="0.078" timestamp="2014-07-16T21:05:10">
      <properties>
[...]
</properties>

      <testcase classname="edu.unm.cs583.SimpleTest" name="testVelocity1" time="0.015" />
      <testcase classname="edu.unm.cs583.SimpleTest" name="testInitBalls" time="0.015" />

      <system-out><![CDATA[]]></system-out>

      <system-err><![CDATA[]]></system-err>

  </testsuite>
  <testsuite errors="0" failures="0" hostname="larry-PC" id="1" name="VelocityTester" package="edu.unm.cs583" skipped="0" tests="1" time="0.146" timestamp="2014-07-16T19:28:34">
      <properties>
[...]
</properties>

      <testcase classname="edu.unm.cs583.VelocityTester" name="testSetDirection" time="0.023" />

      <system-out><![CDATA[]]></system-out>

      <system-err><![CDATA[]]></system-err>

  </testsuite>
</testsuites>
